<?xml version="1.0" encoding="UTF-8"?>
<!-- Generated by org.testng.reporters.JUnitReportReporter -->
<testsuite skipped="0" hostname="LAPTOP-ADRDM8GE" name="api_WebServices.TC001_Get_Request" tests="1" failures="0" timestamp="2021-03-13T13:07:20 AST" time="1.804" errors="0">
  <testcase name="googleMapTest" time="1.804" classname="api_WebServices.TC001_Get_Request"/>
  <system-out/>
</testsuite> <!-- api_WebServices.TC001_Get_Request -->
