<?xml version="1.0" encoding="UTF-8"?>
<!-- Generated by org.testng.reporters.JUnitReportReporter -->
<testsuite skipped="0" hostname="LAPTOP-ADRDM8GE" name="robotClass.RobotClass01" tests="1" failures="0" timestamp="2021-03-13T12:24:31 AST" time="0.514" errors="0">
  <testcase name="robotTest" time="0.514" classname="robotClass.RobotClass01"/>
  <system-out/>
</testsuite> <!-- robotClass.RobotClass01 -->
