<?xml version="1.0" encoding="UTF-8"?>
<!-- Generated by org.testng.reporters.JUnitReportReporter -->
<testsuite skipped="0" hostname="LAPTOP-ADRDM8GE" name="webPortal.NewTest1" tests="1" failures="0" timestamp="2021-03-05T21:23:11 AST" time="3.719" errors="0">
  <testcase name="googleTest" time="3.719" classname="webPortal.NewTest1"/>
  <system-out/>
</testsuite> <!-- webPortal.NewTest1 -->
